CRITICAL - 2021-11-11 19:47:13 --> syntax error, unexpected identifier "__construct", expecting variable
#0 D:\Training\popcorn\system\Autoloader\Autoloader.php(241): CodeIgniter\Autoloader\Autoloader->includeFile('D:\\Training\\pop...')
#1 D:\Training\popcorn\system\Autoloader\Autoloader.php(219): CodeIgniter\Autoloader\Autoloader->loadInNamespace('App\\Controllers...')
#2 [internal function]: CodeIgniter\Autoloader\Autoloader->loadClass('App\\Controllers...')
#3 D:\Training\popcorn\system\CodeIgniter.php(789): class_exists('\\App\\Controller...', true)
#4 D:\Training\popcorn\system\CodeIgniter.php(397): CodeIgniter\CodeIgniter->startController()
#5 D:\Training\popcorn\system\CodeIgniter.php(318): CodeIgniter\CodeIgniter->handleRequest(NULL, Object(Config\Cache), false)
#6 D:\Training\popcorn\public\index.php(37): CodeIgniter\CodeIgniter->run()
#7 D:\Training\popcorn\system\Commands\Server\rewrite.php(43): require_once('D:\\Training\\pop...')
#8 {main}
CRITICAL - 2021-11-11 19:47:25 --> syntax error, unexpected identifier "__construct", expecting variable
#0 D:\Training\popcorn\system\Autoloader\Autoloader.php(241): CodeIgniter\Autoloader\Autoloader->includeFile('D:\\Training\\pop...')
#1 D:\Training\popcorn\system\Autoloader\Autoloader.php(219): CodeIgniter\Autoloader\Autoloader->loadInNamespace('App\\Controllers...')
#2 [internal function]: CodeIgniter\Autoloader\Autoloader->loadClass('App\\Controllers...')
#3 D:\Training\popcorn\system\CodeIgniter.php(789): class_exists('\\App\\Controller...', true)
#4 D:\Training\popcorn\system\CodeIgniter.php(397): CodeIgniter\CodeIgniter->startController()
#5 D:\Training\popcorn\system\CodeIgniter.php(318): CodeIgniter\CodeIgniter->handleRequest(NULL, Object(Config\Cache), false)
#6 D:\Training\popcorn\public\index.php(37): CodeIgniter\CodeIgniter->run()
#7 D:\Training\popcorn\system\Commands\Server\rewrite.php(43): require_once('D:\\Training\\pop...')
#8 {main}
CRITICAL - 2021-11-11 19:47:44 --> syntax error, unexpected identifier "__construct", expecting variable
#0 D:\Training\popcorn\system\Router\Router.php(176): CodeIgniter\Router\Router->autoRoute('pages')
#1 D:\Training\popcorn\system\CodeIgniter.php(718): CodeIgniter\Router\Router->handle('pages')
#2 D:\Training\popcorn\system\CodeIgniter.php(359): CodeIgniter\CodeIgniter->tryToRouteIt(Object(CodeIgniter\Router\RouteCollection))
#3 D:\Training\popcorn\system\CodeIgniter.php(318): CodeIgniter\CodeIgniter->handleRequest(NULL, Object(Config\Cache), false)
#4 D:\Training\popcorn\public\index.php(37): CodeIgniter\CodeIgniter->run()
#5 D:\Training\popcorn\system\Commands\Server\rewrite.php(43): require_once('D:\\Training\\pop...')
#6 {main}
CRITICAL - 2021-11-11 19:50:10 --> syntax error, unexpected identifier "__construct", expecting variable
#0 D:\Training\popcorn\system\Router\Router.php(176): CodeIgniter\Router\Router->autoRoute('pages')
#1 D:\Training\popcorn\system\CodeIgniter.php(718): CodeIgniter\Router\Router->handle('pages')
#2 D:\Training\popcorn\system\CodeIgniter.php(359): CodeIgniter\CodeIgniter->tryToRouteIt(Object(CodeIgniter\Router\RouteCollection))
#3 D:\Training\popcorn\system\CodeIgniter.php(318): CodeIgniter\CodeIgniter->handleRequest(NULL, Object(Config\Cache), false)
#4 D:\Training\popcorn\public\index.php(37): CodeIgniter\CodeIgniter->run()
#5 D:\Training\popcorn\system\Commands\Server\rewrite.php(43): require_once('D:\\Training\\pop...')
#6 {main}
CRITICAL - 2021-11-11 19:50:11 --> syntax error, unexpected identifier "__construct", expecting variable
#0 D:\Training\popcorn\system\Router\Router.php(176): CodeIgniter\Router\Router->autoRoute('pages')
#1 D:\Training\popcorn\system\CodeIgniter.php(718): CodeIgniter\Router\Router->handle('pages')
#2 D:\Training\popcorn\system\CodeIgniter.php(359): CodeIgniter\CodeIgniter->tryToRouteIt(Object(CodeIgniter\Router\RouteCollection))
#3 D:\Training\popcorn\system\CodeIgniter.php(318): CodeIgniter\CodeIgniter->handleRequest(NULL, Object(Config\Cache), false)
#4 D:\Training\popcorn\public\index.php(37): CodeIgniter\CodeIgniter->run()
#5 D:\Training\popcorn\system\Commands\Server\rewrite.php(43): require_once('D:\\Training\\pop...')
#6 {main}
CRITICAL - 2021-11-11 20:02:40 --> syntax error, unexpected identifier "__construct", expecting variable
#0 D:\Training\popcorn\system\Router\Router.php(176): CodeIgniter\Router\Router->autoRoute('pages')
#1 D:\Training\popcorn\system\CodeIgniter.php(718): CodeIgniter\Router\Router->handle('pages')
#2 D:\Training\popcorn\system\CodeIgniter.php(359): CodeIgniter\CodeIgniter->tryToRouteIt(Object(CodeIgniter\Router\RouteCollection))
#3 D:\Training\popcorn\system\CodeIgniter.php(318): CodeIgniter\CodeIgniter->handleRequest(NULL, Object(Config\Cache), false)
#4 D:\Training\popcorn\public\index.php(37): CodeIgniter\CodeIgniter->run()
#5 D:\Training\popcorn\system\Commands\Server\rewrite.php(43): require_once('D:\\Training\\pop...')
#6 {main}
CRITICAL - 2021-11-11 20:02:41 --> syntax error, unexpected identifier "__construct", expecting variable
#0 D:\Training\popcorn\system\Router\Router.php(176): CodeIgniter\Router\Router->autoRoute('pages')
#1 D:\Training\popcorn\system\CodeIgniter.php(718): CodeIgniter\Router\Router->handle('pages')
#2 D:\Training\popcorn\system\CodeIgniter.php(359): CodeIgniter\CodeIgniter->tryToRouteIt(Object(CodeIgniter\Router\RouteCollection))
#3 D:\Training\popcorn\system\CodeIgniter.php(318): CodeIgniter\CodeIgniter->handleRequest(NULL, Object(Config\Cache), false)
#4 D:\Training\popcorn\public\index.php(37): CodeIgniter\CodeIgniter->run()
#5 D:\Training\popcorn\system\Commands\Server\rewrite.php(43): require_once('D:\\Training\\pop...')
#6 {main}
CRITICAL - 2021-11-11 20:02:41 --> syntax error, unexpected identifier "__construct", expecting variable
#0 D:\Training\popcorn\system\Router\Router.php(176): CodeIgniter\Router\Router->autoRoute('pages')
#1 D:\Training\popcorn\system\CodeIgniter.php(718): CodeIgniter\Router\Router->handle('pages')
#2 D:\Training\popcorn\system\CodeIgniter.php(359): CodeIgniter\CodeIgniter->tryToRouteIt(Object(CodeIgniter\Router\RouteCollection))
#3 D:\Training\popcorn\system\CodeIgniter.php(318): CodeIgniter\CodeIgniter->handleRequest(NULL, Object(Config\Cache), false)
#4 D:\Training\popcorn\public\index.php(37): CodeIgniter\CodeIgniter->run()
#5 D:\Training\popcorn\system\Commands\Server\rewrite.php(43): require_once('D:\\Training\\pop...')
#6 {main}
CRITICAL - 2021-11-11 20:02:41 --> syntax error, unexpected identifier "__construct", expecting variable
#0 D:\Training\popcorn\system\Router\Router.php(176): CodeIgniter\Router\Router->autoRoute('pages')
#1 D:\Training\popcorn\system\CodeIgniter.php(718): CodeIgniter\Router\Router->handle('pages')
#2 D:\Training\popcorn\system\CodeIgniter.php(359): CodeIgniter\CodeIgniter->tryToRouteIt(Object(CodeIgniter\Router\RouteCollection))
#3 D:\Training\popcorn\system\CodeIgniter.php(318): CodeIgniter\CodeIgniter->handleRequest(NULL, Object(Config\Cache), false)
#4 D:\Training\popcorn\public\index.php(37): CodeIgniter\CodeIgniter->run()
#5 D:\Training\popcorn\system\Commands\Server\rewrite.php(43): require_once('D:\\Training\\pop...')
#6 {main}
CRITICAL - 2021-11-11 20:02:41 --> syntax error, unexpected identifier "__construct", expecting variable
#0 D:\Training\popcorn\system\Router\Router.php(176): CodeIgniter\Router\Router->autoRoute('pages')
#1 D:\Training\popcorn\system\CodeIgniter.php(718): CodeIgniter\Router\Router->handle('pages')
#2 D:\Training\popcorn\system\CodeIgniter.php(359): CodeIgniter\CodeIgniter->tryToRouteIt(Object(CodeIgniter\Router\RouteCollection))
#3 D:\Training\popcorn\system\CodeIgniter.php(318): CodeIgniter\CodeIgniter->handleRequest(NULL, Object(Config\Cache), false)
#4 D:\Training\popcorn\public\index.php(37): CodeIgniter\CodeIgniter->run()
#5 D:\Training\popcorn\system\Commands\Server\rewrite.php(43): require_once('D:\\Training\\pop...')
#6 {main}
CRITICAL - 2021-11-11 20:02:41 --> syntax error, unexpected identifier "__construct", expecting variable
#0 D:\Training\popcorn\system\Router\Router.php(176): CodeIgniter\Router\Router->autoRoute('pages')
#1 D:\Training\popcorn\system\CodeIgniter.php(718): CodeIgniter\Router\Router->handle('pages')
#2 D:\Training\popcorn\system\CodeIgniter.php(359): CodeIgniter\CodeIgniter->tryToRouteIt(Object(CodeIgniter\Router\RouteCollection))
#3 D:\Training\popcorn\system\CodeIgniter.php(318): CodeIgniter\CodeIgniter->handleRequest(NULL, Object(Config\Cache), false)
#4 D:\Training\popcorn\public\index.php(37): CodeIgniter\CodeIgniter->run()
#5 D:\Training\popcorn\system\Commands\Server\rewrite.php(43): require_once('D:\\Training\\pop...')
#6 {main}
CRITICAL - 2021-11-11 20:02:41 --> syntax error, unexpected identifier "__construct", expecting variable
#0 D:\Training\popcorn\system\Router\Router.php(176): CodeIgniter\Router\Router->autoRoute('pages')
#1 D:\Training\popcorn\system\CodeIgniter.php(718): CodeIgniter\Router\Router->handle('pages')
#2 D:\Training\popcorn\system\CodeIgniter.php(359): CodeIgniter\CodeIgniter->tryToRouteIt(Object(CodeIgniter\Router\RouteCollection))
#3 D:\Training\popcorn\system\CodeIgniter.php(318): CodeIgniter\CodeIgniter->handleRequest(NULL, Object(Config\Cache), false)
#4 D:\Training\popcorn\public\index.php(37): CodeIgniter\CodeIgniter->run()
#5 D:\Training\popcorn\system\Commands\Server\rewrite.php(43): require_once('D:\\Training\\pop...')
#6 {main}
CRITICAL - 2021-11-11 20:02:42 --> syntax error, unexpected identifier "__construct", expecting variable
#0 D:\Training\popcorn\system\Router\Router.php(176): CodeIgniter\Router\Router->autoRoute('pages')
#1 D:\Training\popcorn\system\CodeIgniter.php(718): CodeIgniter\Router\Router->handle('pages')
#2 D:\Training\popcorn\system\CodeIgniter.php(359): CodeIgniter\CodeIgniter->tryToRouteIt(Object(CodeIgniter\Router\RouteCollection))
#3 D:\Training\popcorn\system\CodeIgniter.php(318): CodeIgniter\CodeIgniter->handleRequest(NULL, Object(Config\Cache), false)
#4 D:\Training\popcorn\public\index.php(37): CodeIgniter\CodeIgniter->run()
#5 D:\Training\popcorn\system\Commands\Server\rewrite.php(43): require_once('D:\\Training\\pop...')
#6 {main}
CRITICAL - 2021-11-11 20:02:42 --> syntax error, unexpected identifier "__construct", expecting variable
#0 D:\Training\popcorn\system\Router\Router.php(176): CodeIgniter\Router\Router->autoRoute('pages')
#1 D:\Training\popcorn\system\CodeIgniter.php(718): CodeIgniter\Router\Router->handle('pages')
#2 D:\Training\popcorn\system\CodeIgniter.php(359): CodeIgniter\CodeIgniter->tryToRouteIt(Object(CodeIgniter\Router\RouteCollection))
#3 D:\Training\popcorn\system\CodeIgniter.php(318): CodeIgniter\CodeIgniter->handleRequest(NULL, Object(Config\Cache), false)
#4 D:\Training\popcorn\public\index.php(37): CodeIgniter\CodeIgniter->run()
#5 D:\Training\popcorn\system\Commands\Server\rewrite.php(43): require_once('D:\\Training\\pop...')
#6 {main}
CRITICAL - 2021-11-11 20:07:09 --> syntax error, unexpected identifier "__construct", expecting variable
#0 D:\Training\popcorn\system\Router\Router.php(176): CodeIgniter\Router\Router->autoRoute('pages')
#1 D:\Training\popcorn\system\CodeIgniter.php(718): CodeIgniter\Router\Router->handle('pages')
#2 D:\Training\popcorn\system\CodeIgniter.php(359): CodeIgniter\CodeIgniter->tryToRouteIt(Object(CodeIgniter\Router\RouteCollection))
#3 D:\Training\popcorn\system\CodeIgniter.php(318): CodeIgniter\CodeIgniter->handleRequest(NULL, Object(Config\Cache), false)
#4 D:\Training\popcorn\public\index.php(37): CodeIgniter\CodeIgniter->run()
#5 D:\Training\popcorn\system\Commands\Server\rewrite.php(43): require_once('D:\\Training\\pop...')
#6 {main}
CRITICAL - 2021-11-11 20:07:12 --> syntax error, unexpected identifier "__construct", expecting variable
#0 D:\Training\popcorn\system\Autoloader\Autoloader.php(241): CodeIgniter\Autoloader\Autoloader->includeFile('D:\\Training\\pop...')
#1 D:\Training\popcorn\system\Autoloader\Autoloader.php(219): CodeIgniter\Autoloader\Autoloader->loadInNamespace('App\\Controllers...')
#2 [internal function]: CodeIgniter\Autoloader\Autoloader->loadClass('App\\Controllers...')
#3 D:\Training\popcorn\system\CodeIgniter.php(789): class_exists('\\App\\Controller...', true)
#4 D:\Training\popcorn\system\CodeIgniter.php(397): CodeIgniter\CodeIgniter->startController()
#5 D:\Training\popcorn\system\CodeIgniter.php(318): CodeIgniter\CodeIgniter->handleRequest(NULL, Object(Config\Cache), false)
#6 D:\Training\popcorn\public\index.php(37): CodeIgniter\CodeIgniter->run()
#7 D:\Training\popcorn\system\Commands\Server\rewrite.php(43): require_once('D:\\Training\\pop...')
#8 {main}
CRITICAL - 2021-11-11 20:08:01 --> syntax error, unexpected identifier "__construct", expecting variable
#0 D:\Training\popcorn\system\Autoloader\Autoloader.php(241): CodeIgniter\Autoloader\Autoloader->includeFile('D:\\Training\\pop...')
#1 D:\Training\popcorn\system\Autoloader\Autoloader.php(219): CodeIgniter\Autoloader\Autoloader->loadInNamespace('App\\Controllers...')
#2 [internal function]: CodeIgniter\Autoloader\Autoloader->loadClass('App\\Controllers...')
#3 D:\Training\popcorn\system\CodeIgniter.php(789): class_exists('\\App\\Controller...', true)
#4 D:\Training\popcorn\system\CodeIgniter.php(397): CodeIgniter\CodeIgniter->startController()
#5 D:\Training\popcorn\system\CodeIgniter.php(318): CodeIgniter\CodeIgniter->handleRequest(NULL, Object(Config\Cache), false)
#6 D:\Training\popcorn\public\index.php(37): CodeIgniter\CodeIgniter->run()
#7 D:\Training\popcorn\system\Commands\Server\rewrite.php(43): require_once('D:\\Training\\pop...')
#8 {main}
CRITICAL - 2021-11-11 20:08:01 --> syntax error, unexpected identifier "__construct", expecting variable
#0 D:\Training\popcorn\system\Autoloader\Autoloader.php(241): CodeIgniter\Autoloader\Autoloader->includeFile('D:\\Training\\pop...')
#1 D:\Training\popcorn\system\Autoloader\Autoloader.php(219): CodeIgniter\Autoloader\Autoloader->loadInNamespace('App\\Controllers...')
#2 [internal function]: CodeIgniter\Autoloader\Autoloader->loadClass('App\\Controllers...')
#3 D:\Training\popcorn\system\CodeIgniter.php(789): class_exists('\\App\\Controller...', true)
#4 D:\Training\popcorn\system\CodeIgniter.php(397): CodeIgniter\CodeIgniter->startController()
#5 D:\Training\popcorn\system\CodeIgniter.php(318): CodeIgniter\CodeIgniter->handleRequest(NULL, Object(Config\Cache), false)
#6 D:\Training\popcorn\public\index.php(37): CodeIgniter\CodeIgniter->run()
#7 D:\Training\popcorn\system\Commands\Server\rewrite.php(43): require_once('D:\\Training\\pop...')
#8 {main}
CRITICAL - 2021-11-11 20:08:01 --> syntax error, unexpected identifier "__construct", expecting variable
#0 D:\Training\popcorn\system\Autoloader\Autoloader.php(241): CodeIgniter\Autoloader\Autoloader->includeFile('D:\\Training\\pop...')
#1 D:\Training\popcorn\system\Autoloader\Autoloader.php(219): CodeIgniter\Autoloader\Autoloader->loadInNamespace('App\\Controllers...')
#2 [internal function]: CodeIgniter\Autoloader\Autoloader->loadClass('App\\Controllers...')
#3 D:\Training\popcorn\system\CodeIgniter.php(789): class_exists('\\App\\Controller...', true)
#4 D:\Training\popcorn\system\CodeIgniter.php(397): CodeIgniter\CodeIgniter->startController()
#5 D:\Training\popcorn\system\CodeIgniter.php(318): CodeIgniter\CodeIgniter->handleRequest(NULL, Object(Config\Cache), false)
#6 D:\Training\popcorn\public\index.php(37): CodeIgniter\CodeIgniter->run()
#7 D:\Training\popcorn\system\Commands\Server\rewrite.php(43): require_once('D:\\Training\\pop...')
#8 {main}
CRITICAL - 2021-11-11 20:08:01 --> syntax error, unexpected identifier "__construct", expecting variable
#0 D:\Training\popcorn\system\Autoloader\Autoloader.php(241): CodeIgniter\Autoloader\Autoloader->includeFile('D:\\Training\\pop...')
#1 D:\Training\popcorn\system\Autoloader\Autoloader.php(219): CodeIgniter\Autoloader\Autoloader->loadInNamespace('App\\Controllers...')
#2 [internal function]: CodeIgniter\Autoloader\Autoloader->loadClass('App\\Controllers...')
#3 D:\Training\popcorn\system\CodeIgniter.php(789): class_exists('\\App\\Controller...', true)
#4 D:\Training\popcorn\system\CodeIgniter.php(397): CodeIgniter\CodeIgniter->startController()
#5 D:\Training\popcorn\system\CodeIgniter.php(318): CodeIgniter\CodeIgniter->handleRequest(NULL, Object(Config\Cache), false)
#6 D:\Training\popcorn\public\index.php(37): CodeIgniter\CodeIgniter->run()
#7 D:\Training\popcorn\system\Commands\Server\rewrite.php(43): require_once('D:\\Training\\pop...')
#8 {main}
CRITICAL - 2021-11-11 20:08:01 --> syntax error, unexpected identifier "__construct", expecting variable
#0 D:\Training\popcorn\system\Autoloader\Autoloader.php(241): CodeIgniter\Autoloader\Autoloader->includeFile('D:\\Training\\pop...')
#1 D:\Training\popcorn\system\Autoloader\Autoloader.php(219): CodeIgniter\Autoloader\Autoloader->loadInNamespace('App\\Controllers...')
#2 [internal function]: CodeIgniter\Autoloader\Autoloader->loadClass('App\\Controllers...')
#3 D:\Training\popcorn\system\CodeIgniter.php(789): class_exists('\\App\\Controller...', true)
#4 D:\Training\popcorn\system\CodeIgniter.php(397): CodeIgniter\CodeIgniter->startController()
#5 D:\Training\popcorn\system\CodeIgniter.php(318): CodeIgniter\CodeIgniter->handleRequest(NULL, Object(Config\Cache), false)
#6 D:\Training\popcorn\public\index.php(37): CodeIgniter\CodeIgniter->run()
#7 D:\Training\popcorn\system\Commands\Server\rewrite.php(43): require_once('D:\\Training\\pop...')
#8 {main}
CRITICAL - 2021-11-11 20:08:02 --> syntax error, unexpected identifier "__construct", expecting variable
#0 D:\Training\popcorn\system\Autoloader\Autoloader.php(241): CodeIgniter\Autoloader\Autoloader->includeFile('D:\\Training\\pop...')
#1 D:\Training\popcorn\system\Autoloader\Autoloader.php(219): CodeIgniter\Autoloader\Autoloader->loadInNamespace('App\\Controllers...')
#2 [internal function]: CodeIgniter\Autoloader\Autoloader->loadClass('App\\Controllers...')
#3 D:\Training\popcorn\system\CodeIgniter.php(789): class_exists('\\App\\Controller...', true)
#4 D:\Training\popcorn\system\CodeIgniter.php(397): CodeIgniter\CodeIgniter->startController()
#5 D:\Training\popcorn\system\CodeIgniter.php(318): CodeIgniter\CodeIgniter->handleRequest(NULL, Object(Config\Cache), false)
#6 D:\Training\popcorn\public\index.php(37): CodeIgniter\CodeIgniter->run()
#7 D:\Training\popcorn\system\Commands\Server\rewrite.php(43): require_once('D:\\Training\\pop...')
#8 {main}
CRITICAL - 2021-11-11 20:08:02 --> syntax error, unexpected identifier "__construct", expecting variable
#0 D:\Training\popcorn\system\Autoloader\Autoloader.php(241): CodeIgniter\Autoloader\Autoloader->includeFile('D:\\Training\\pop...')
#1 D:\Training\popcorn\system\Autoloader\Autoloader.php(219): CodeIgniter\Autoloader\Autoloader->loadInNamespace('App\\Controllers...')
#2 [internal function]: CodeIgniter\Autoloader\Autoloader->loadClass('App\\Controllers...')
#3 D:\Training\popcorn\system\CodeIgniter.php(789): class_exists('\\App\\Controller...', true)
#4 D:\Training\popcorn\system\CodeIgniter.php(397): CodeIgniter\CodeIgniter->startController()
#5 D:\Training\popcorn\system\CodeIgniter.php(318): CodeIgniter\CodeIgniter->handleRequest(NULL, Object(Config\Cache), false)
#6 D:\Training\popcorn\public\index.php(37): CodeIgniter\CodeIgniter->run()
#7 D:\Training\popcorn\system\Commands\Server\rewrite.php(43): require_once('D:\\Training\\pop...')
#8 {main}
CRITICAL - 2021-11-11 20:08:02 --> syntax error, unexpected identifier "__construct", expecting variable
#0 D:\Training\popcorn\system\Autoloader\Autoloader.php(241): CodeIgniter\Autoloader\Autoloader->includeFile('D:\\Training\\pop...')
#1 D:\Training\popcorn\system\Autoloader\Autoloader.php(219): CodeIgniter\Autoloader\Autoloader->loadInNamespace('App\\Controllers...')
#2 [internal function]: CodeIgniter\Autoloader\Autoloader->loadClass('App\\Controllers...')
#3 D:\Training\popcorn\system\CodeIgniter.php(789): class_exists('\\App\\Controller...', true)
#4 D:\Training\popcorn\system\CodeIgniter.php(397): CodeIgniter\CodeIgniter->startController()
#5 D:\Training\popcorn\system\CodeIgniter.php(318): CodeIgniter\CodeIgniter->handleRequest(NULL, Object(Config\Cache), false)
#6 D:\Training\popcorn\public\index.php(37): CodeIgniter\CodeIgniter->run()
#7 D:\Training\popcorn\system\Commands\Server\rewrite.php(43): require_once('D:\\Training\\pop...')
#8 {main}
CRITICAL - 2021-11-11 20:08:02 --> syntax error, unexpected identifier "__construct", expecting variable
#0 D:\Training\popcorn\system\Autoloader\Autoloader.php(241): CodeIgniter\Autoloader\Autoloader->includeFile('D:\\Training\\pop...')
#1 D:\Training\popcorn\system\Autoloader\Autoloader.php(219): CodeIgniter\Autoloader\Autoloader->loadInNamespace('App\\Controllers...')
#2 [internal function]: CodeIgniter\Autoloader\Autoloader->loadClass('App\\Controllers...')
#3 D:\Training\popcorn\system\CodeIgniter.php(789): class_exists('\\App\\Controller...', true)
#4 D:\Training\popcorn\system\CodeIgniter.php(397): CodeIgniter\CodeIgniter->startController()
#5 D:\Training\popcorn\system\CodeIgniter.php(318): CodeIgniter\CodeIgniter->handleRequest(NULL, Object(Config\Cache), false)
#6 D:\Training\popcorn\public\index.php(37): CodeIgniter\CodeIgniter->run()
#7 D:\Training\popcorn\system\Commands\Server\rewrite.php(43): require_once('D:\\Training\\pop...')
#8 {main}
CRITICAL - 2021-11-11 20:08:02 --> syntax error, unexpected identifier "__construct", expecting variable
#0 D:\Training\popcorn\system\Autoloader\Autoloader.php(241): CodeIgniter\Autoloader\Autoloader->includeFile('D:\\Training\\pop...')
#1 D:\Training\popcorn\system\Autoloader\Autoloader.php(219): CodeIgniter\Autoloader\Autoloader->loadInNamespace('App\\Controllers...')
#2 [internal function]: CodeIgniter\Autoloader\Autoloader->loadClass('App\\Controllers...')
#3 D:\Training\popcorn\system\CodeIgniter.php(789): class_exists('\\App\\Controller...', true)
#4 D:\Training\popcorn\system\CodeIgniter.php(397): CodeIgniter\CodeIgniter->startController()
#5 D:\Training\popcorn\system\CodeIgniter.php(318): CodeIgniter\CodeIgniter->handleRequest(NULL, Object(Config\Cache), false)
#6 D:\Training\popcorn\public\index.php(37): CodeIgniter\CodeIgniter->run()
#7 D:\Training\popcorn\system\Commands\Server\rewrite.php(43): require_once('D:\\Training\\pop...')
#8 {main}
CRITICAL - 2021-11-11 20:08:02 --> syntax error, unexpected identifier "__construct", expecting variable
#0 D:\Training\popcorn\system\Autoloader\Autoloader.php(241): CodeIgniter\Autoloader\Autoloader->includeFile('D:\\Training\\pop...')
#1 D:\Training\popcorn\system\Autoloader\Autoloader.php(219): CodeIgniter\Autoloader\Autoloader->loadInNamespace('App\\Controllers...')
#2 [internal function]: CodeIgniter\Autoloader\Autoloader->loadClass('App\\Controllers...')
#3 D:\Training\popcorn\system\CodeIgniter.php(789): class_exists('\\App\\Controller...', true)
#4 D:\Training\popcorn\system\CodeIgniter.php(397): CodeIgniter\CodeIgniter->startController()
#5 D:\Training\popcorn\system\CodeIgniter.php(318): CodeIgniter\CodeIgniter->handleRequest(NULL, Object(Config\Cache), false)
#6 D:\Training\popcorn\public\index.php(37): CodeIgniter\CodeIgniter->run()
#7 D:\Training\popcorn\system\Commands\Server\rewrite.php(43): require_once('D:\\Training\\pop...')
#8 {main}
CRITICAL - 2021-11-11 20:08:03 --> syntax error, unexpected identifier "__construct", expecting variable
#0 D:\Training\popcorn\system\Autoloader\Autoloader.php(241): CodeIgniter\Autoloader\Autoloader->includeFile('D:\\Training\\pop...')
#1 D:\Training\popcorn\system\Autoloader\Autoloader.php(219): CodeIgniter\Autoloader\Autoloader->loadInNamespace('App\\Controllers...')
#2 [internal function]: CodeIgniter\Autoloader\Autoloader->loadClass('App\\Controllers...')
#3 D:\Training\popcorn\system\CodeIgniter.php(789): class_exists('\\App\\Controller...', true)
#4 D:\Training\popcorn\system\CodeIgniter.php(397): CodeIgniter\CodeIgniter->startController()
#5 D:\Training\popcorn\system\CodeIgniter.php(318): CodeIgniter\CodeIgniter->handleRequest(NULL, Object(Config\Cache), false)
#6 D:\Training\popcorn\public\index.php(37): CodeIgniter\CodeIgniter->run()
#7 D:\Training\popcorn\system\Commands\Server\rewrite.php(43): require_once('D:\\Training\\pop...')
#8 {main}
CRITICAL - 2021-11-11 20:08:03 --> syntax error, unexpected identifier "__construct", expecting variable
#0 D:\Training\popcorn\system\Autoloader\Autoloader.php(241): CodeIgniter\Autoloader\Autoloader->includeFile('D:\\Training\\pop...')
#1 D:\Training\popcorn\system\Autoloader\Autoloader.php(219): CodeIgniter\Autoloader\Autoloader->loadInNamespace('App\\Controllers...')
#2 [internal function]: CodeIgniter\Autoloader\Autoloader->loadClass('App\\Controllers...')
#3 D:\Training\popcorn\system\CodeIgniter.php(789): class_exists('\\App\\Controller...', true)
#4 D:\Training\popcorn\system\CodeIgniter.php(397): CodeIgniter\CodeIgniter->startController()
#5 D:\Training\popcorn\system\CodeIgniter.php(318): CodeIgniter\CodeIgniter->handleRequest(NULL, Object(Config\Cache), false)
#6 D:\Training\popcorn\public\index.php(37): CodeIgniter\CodeIgniter->run()
#7 D:\Training\popcorn\system\Commands\Server\rewrite.php(43): require_once('D:\\Training\\pop...')
#8 {main}
CRITICAL - 2021-11-11 20:08:03 --> syntax error, unexpected identifier "__construct", expecting variable
#0 D:\Training\popcorn\system\Autoloader\Autoloader.php(241): CodeIgniter\Autoloader\Autoloader->includeFile('D:\\Training\\pop...')
#1 D:\Training\popcorn\system\Autoloader\Autoloader.php(219): CodeIgniter\Autoloader\Autoloader->loadInNamespace('App\\Controllers...')
#2 [internal function]: CodeIgniter\Autoloader\Autoloader->loadClass('App\\Controllers...')
#3 D:\Training\popcorn\system\CodeIgniter.php(789): class_exists('\\App\\Controller...', true)
#4 D:\Training\popcorn\system\CodeIgniter.php(397): CodeIgniter\CodeIgniter->startController()
#5 D:\Training\popcorn\system\CodeIgniter.php(318): CodeIgniter\CodeIgniter->handleRequest(NULL, Object(Config\Cache), false)
#6 D:\Training\popcorn\public\index.php(37): CodeIgniter\CodeIgniter->run()
#7 D:\Training\popcorn\system\Commands\Server\rewrite.php(43): require_once('D:\\Training\\pop...')
#8 {main}
CRITICAL - 2021-11-11 20:08:03 --> syntax error, unexpected identifier "__construct", expecting variable
#0 D:\Training\popcorn\system\Autoloader\Autoloader.php(241): CodeIgniter\Autoloader\Autoloader->includeFile('D:\\Training\\pop...')
#1 D:\Training\popcorn\system\Autoloader\Autoloader.php(219): CodeIgniter\Autoloader\Autoloader->loadInNamespace('App\\Controllers...')
#2 [internal function]: CodeIgniter\Autoloader\Autoloader->loadClass('App\\Controllers...')
#3 D:\Training\popcorn\system\CodeIgniter.php(789): class_exists('\\App\\Controller...', true)
#4 D:\Training\popcorn\system\CodeIgniter.php(397): CodeIgniter\CodeIgniter->startController()
#5 D:\Training\popcorn\system\CodeIgniter.php(318): CodeIgniter\CodeIgniter->handleRequest(NULL, Object(Config\Cache), false)
#6 D:\Training\popcorn\public\index.php(37): CodeIgniter\CodeIgniter->run()
#7 D:\Training\popcorn\system\Commands\Server\rewrite.php(43): require_once('D:\\Training\\pop...')
#8 {main}
CRITICAL - 2021-11-11 20:08:03 --> syntax error, unexpected identifier "__construct", expecting variable
#0 D:\Training\popcorn\system\Autoloader\Autoloader.php(241): CodeIgniter\Autoloader\Autoloader->includeFile('D:\\Training\\pop...')
#1 D:\Training\popcorn\system\Autoloader\Autoloader.php(219): CodeIgniter\Autoloader\Autoloader->loadInNamespace('App\\Controllers...')
#2 [internal function]: CodeIgniter\Autoloader\Autoloader->loadClass('App\\Controllers...')
#3 D:\Training\popcorn\system\CodeIgniter.php(789): class_exists('\\App\\Controller...', true)
#4 D:\Training\popcorn\system\CodeIgniter.php(397): CodeIgniter\CodeIgniter->startController()
#5 D:\Training\popcorn\system\CodeIgniter.php(318): CodeIgniter\CodeIgniter->handleRequest(NULL, Object(Config\Cache), false)
#6 D:\Training\popcorn\public\index.php(37): CodeIgniter\CodeIgniter->run()
#7 D:\Training\popcorn\system\Commands\Server\rewrite.php(43): require_once('D:\\Training\\pop...')
#8 {main}
CRITICAL - 2021-11-11 20:08:04 --> syntax error, unexpected identifier "__construct", expecting variable
#0 D:\Training\popcorn\system\Autoloader\Autoloader.php(241): CodeIgniter\Autoloader\Autoloader->includeFile('D:\\Training\\pop...')
#1 D:\Training\popcorn\system\Autoloader\Autoloader.php(219): CodeIgniter\Autoloader\Autoloader->loadInNamespace('App\\Controllers...')
#2 [internal function]: CodeIgniter\Autoloader\Autoloader->loadClass('App\\Controllers...')
#3 D:\Training\popcorn\system\CodeIgniter.php(789): class_exists('\\App\\Controller...', true)
#4 D:\Training\popcorn\system\CodeIgniter.php(397): CodeIgniter\CodeIgniter->startController()
#5 D:\Training\popcorn\system\CodeIgniter.php(318): CodeIgniter\CodeIgniter->handleRequest(NULL, Object(Config\Cache), false)
#6 D:\Training\popcorn\public\index.php(37): CodeIgniter\CodeIgniter->run()
#7 D:\Training\popcorn\system\Commands\Server\rewrite.php(43): require_once('D:\\Training\\pop...')
#8 {main}
CRITICAL - 2021-11-11 20:08:04 --> syntax error, unexpected identifier "__construct", expecting variable
#0 D:\Training\popcorn\system\Autoloader\Autoloader.php(241): CodeIgniter\Autoloader\Autoloader->includeFile('D:\\Training\\pop...')
#1 D:\Training\popcorn\system\Autoloader\Autoloader.php(219): CodeIgniter\Autoloader\Autoloader->loadInNamespace('App\\Controllers...')
#2 [internal function]: CodeIgniter\Autoloader\Autoloader->loadClass('App\\Controllers...')
#3 D:\Training\popcorn\system\CodeIgniter.php(789): class_exists('\\App\\Controller...', true)
#4 D:\Training\popcorn\system\CodeIgniter.php(397): CodeIgniter\CodeIgniter->startController()
#5 D:\Training\popcorn\system\CodeIgniter.php(318): CodeIgniter\CodeIgniter->handleRequest(NULL, Object(Config\Cache), false)
#6 D:\Training\popcorn\public\index.php(37): CodeIgniter\CodeIgniter->run()
#7 D:\Training\popcorn\system\Commands\Server\rewrite.php(43): require_once('D:\\Training\\pop...')
#8 {main}
CRITICAL - 2021-11-11 20:08:04 --> syntax error, unexpected identifier "__construct", expecting variable
#0 D:\Training\popcorn\system\Autoloader\Autoloader.php(241): CodeIgniter\Autoloader\Autoloader->includeFile('D:\\Training\\pop...')
#1 D:\Training\popcorn\system\Autoloader\Autoloader.php(219): CodeIgniter\Autoloader\Autoloader->loadInNamespace('App\\Controllers...')
#2 [internal function]: CodeIgniter\Autoloader\Autoloader->loadClass('App\\Controllers...')
#3 D:\Training\popcorn\system\CodeIgniter.php(789): class_exists('\\App\\Controller...', true)
#4 D:\Training\popcorn\system\CodeIgniter.php(397): CodeIgniter\CodeIgniter->startController()
#5 D:\Training\popcorn\system\CodeIgniter.php(318): CodeIgniter\CodeIgniter->handleRequest(NULL, Object(Config\Cache), false)
#6 D:\Training\popcorn\public\index.php(37): CodeIgniter\CodeIgniter->run()
#7 D:\Training\popcorn\system\Commands\Server\rewrite.php(43): require_once('D:\\Training\\pop...')
#8 {main}
CRITICAL - 2021-11-11 20:08:04 --> syntax error, unexpected identifier "__construct", expecting variable
#0 D:\Training\popcorn\system\Autoloader\Autoloader.php(241): CodeIgniter\Autoloader\Autoloader->includeFile('D:\\Training\\pop...')
#1 D:\Training\popcorn\system\Autoloader\Autoloader.php(219): CodeIgniter\Autoloader\Autoloader->loadInNamespace('App\\Controllers...')
#2 [internal function]: CodeIgniter\Autoloader\Autoloader->loadClass('App\\Controllers...')
#3 D:\Training\popcorn\system\CodeIgniter.php(789): class_exists('\\App\\Controller...', true)
#4 D:\Training\popcorn\system\CodeIgniter.php(397): CodeIgniter\CodeIgniter->startController()
#5 D:\Training\popcorn\system\CodeIgniter.php(318): CodeIgniter\CodeIgniter->handleRequest(NULL, Object(Config\Cache), false)
#6 D:\Training\popcorn\public\index.php(37): CodeIgniter\CodeIgniter->run()
#7 D:\Training\popcorn\system\Commands\Server\rewrite.php(43): require_once('D:\\Training\\pop...')
#8 {main}
CRITICAL - 2021-11-11 20:08:04 --> syntax error, unexpected identifier "__construct", expecting variable
#0 D:\Training\popcorn\system\Autoloader\Autoloader.php(241): CodeIgniter\Autoloader\Autoloader->includeFile('D:\\Training\\pop...')
#1 D:\Training\popcorn\system\Autoloader\Autoloader.php(219): CodeIgniter\Autoloader\Autoloader->loadInNamespace('App\\Controllers...')
#2 [internal function]: CodeIgniter\Autoloader\Autoloader->loadClass('App\\Controllers...')
#3 D:\Training\popcorn\system\CodeIgniter.php(789): class_exists('\\App\\Controller...', true)
#4 D:\Training\popcorn\system\CodeIgniter.php(397): CodeIgniter\CodeIgniter->startController()
#5 D:\Training\popcorn\system\CodeIgniter.php(318): CodeIgniter\CodeIgniter->handleRequest(NULL, Object(Config\Cache), false)
#6 D:\Training\popcorn\public\index.php(37): CodeIgniter\CodeIgniter->run()
#7 D:\Training\popcorn\system\Commands\Server\rewrite.php(43): require_once('D:\\Training\\pop...')
#8 {main}
CRITICAL - 2021-11-11 20:08:05 --> syntax error, unexpected identifier "__construct", expecting variable
#0 D:\Training\popcorn\system\Autoloader\Autoloader.php(241): CodeIgniter\Autoloader\Autoloader->includeFile('D:\\Training\\pop...')
#1 D:\Training\popcorn\system\Autoloader\Autoloader.php(219): CodeIgniter\Autoloader\Autoloader->loadInNamespace('App\\Controllers...')
#2 [internal function]: CodeIgniter\Autoloader\Autoloader->loadClass('App\\Controllers...')
#3 D:\Training\popcorn\system\CodeIgniter.php(789): class_exists('\\App\\Controller...', true)
#4 D:\Training\popcorn\system\CodeIgniter.php(397): CodeIgniter\CodeIgniter->startController()
#5 D:\Training\popcorn\system\CodeIgniter.php(318): CodeIgniter\CodeIgniter->handleRequest(NULL, Object(Config\Cache), false)
#6 D:\Training\popcorn\public\index.php(37): CodeIgniter\CodeIgniter->run()
#7 D:\Training\popcorn\system\Commands\Server\rewrite.php(43): require_once('D:\\Training\\pop...')
#8 {main}
CRITICAL - 2021-11-11 20:08:05 --> syntax error, unexpected identifier "__construct", expecting variable
#0 D:\Training\popcorn\system\Autoloader\Autoloader.php(241): CodeIgniter\Autoloader\Autoloader->includeFile('D:\\Training\\pop...')
#1 D:\Training\popcorn\system\Autoloader\Autoloader.php(219): CodeIgniter\Autoloader\Autoloader->loadInNamespace('App\\Controllers...')
#2 [internal function]: CodeIgniter\Autoloader\Autoloader->loadClass('App\\Controllers...')
#3 D:\Training\popcorn\system\CodeIgniter.php(789): class_exists('\\App\\Controller...', true)
#4 D:\Training\popcorn\system\CodeIgniter.php(397): CodeIgniter\CodeIgniter->startController()
#5 D:\Training\popcorn\system\CodeIgniter.php(318): CodeIgniter\CodeIgniter->handleRequest(NULL, Object(Config\Cache), false)
#6 D:\Training\popcorn\public\index.php(37): CodeIgniter\CodeIgniter->run()
#7 D:\Training\popcorn\system\Commands\Server\rewrite.php(43): require_once('D:\\Training\\pop...')
#8 {main}
CRITICAL - 2021-11-11 20:08:18 --> syntax error, unexpected identifier "__construct", expecting variable
#0 D:\Training\popcorn\system\Autoloader\Autoloader.php(241): CodeIgniter\Autoloader\Autoloader->includeFile('D:\\Training\\pop...')
#1 D:\Training\popcorn\system\Autoloader\Autoloader.php(219): CodeIgniter\Autoloader\Autoloader->loadInNamespace('App\\Controllers...')
#2 [internal function]: CodeIgniter\Autoloader\Autoloader->loadClass('App\\Controllers...')
#3 D:\Training\popcorn\system\CodeIgniter.php(789): class_exists('\\App\\Controller...', true)
#4 D:\Training\popcorn\system\CodeIgniter.php(397): CodeIgniter\CodeIgniter->startController()
#5 D:\Training\popcorn\system\CodeIgniter.php(318): CodeIgniter\CodeIgniter->handleRequest(NULL, Object(Config\Cache), false)
#6 D:\Training\popcorn\public\index.php(37): CodeIgniter\CodeIgniter->run()
#7 D:\Training\popcorn\system\Commands\Server\rewrite.php(43): require_once('D:\\Training\\pop...')
#8 {main}
CRITICAL - 2021-11-11 20:08:20 --> syntax error, unexpected identifier "__construct", expecting variable
#0 D:\Training\popcorn\system\Autoloader\Autoloader.php(241): CodeIgniter\Autoloader\Autoloader->includeFile('D:\\Training\\pop...')
#1 D:\Training\popcorn\system\Autoloader\Autoloader.php(219): CodeIgniter\Autoloader\Autoloader->loadInNamespace('App\\Controllers...')
#2 [internal function]: CodeIgniter\Autoloader\Autoloader->loadClass('App\\Controllers...')
#3 D:\Training\popcorn\system\CodeIgniter.php(789): class_exists('\\App\\Controller...', true)
#4 D:\Training\popcorn\system\CodeIgniter.php(397): CodeIgniter\CodeIgniter->startController()
#5 D:\Training\popcorn\system\CodeIgniter.php(318): CodeIgniter\CodeIgniter->handleRequest(NULL, Object(Config\Cache), false)
#6 D:\Training\popcorn\public\index.php(37): CodeIgniter\CodeIgniter->run()
#7 D:\Training\popcorn\system\Commands\Server\rewrite.php(43): require_once('D:\\Training\\pop...')
#8 {main}
CRITICAL - 2021-11-11 20:08:20 --> syntax error, unexpected identifier "__construct", expecting variable
#0 D:\Training\popcorn\system\Autoloader\Autoloader.php(241): CodeIgniter\Autoloader\Autoloader->includeFile('D:\\Training\\pop...')
#1 D:\Training\popcorn\system\Autoloader\Autoloader.php(219): CodeIgniter\Autoloader\Autoloader->loadInNamespace('App\\Controllers...')
#2 [internal function]: CodeIgniter\Autoloader\Autoloader->loadClass('App\\Controllers...')
#3 D:\Training\popcorn\system\CodeIgniter.php(789): class_exists('\\App\\Controller...', true)
#4 D:\Training\popcorn\system\CodeIgniter.php(397): CodeIgniter\CodeIgniter->startController()
#5 D:\Training\popcorn\system\CodeIgniter.php(318): CodeIgniter\CodeIgniter->handleRequest(NULL, Object(Config\Cache), false)
#6 D:\Training\popcorn\public\index.php(37): CodeIgniter\CodeIgniter->run()
#7 D:\Training\popcorn\system\Commands\Server\rewrite.php(43): require_once('D:\\Training\\pop...')
#8 {main}
CRITICAL - 2021-11-11 20:11:52 --> syntax error, unexpected identifier "__construct", expecting variable
#0 D:\Training\popcorn\system\Autoloader\Autoloader.php(241): CodeIgniter\Autoloader\Autoloader->includeFile('D:\\Training\\pop...')
#1 D:\Training\popcorn\system\Autoloader\Autoloader.php(219): CodeIgniter\Autoloader\Autoloader->loadInNamespace('App\\Controllers...')
#2 [internal function]: CodeIgniter\Autoloader\Autoloader->loadClass('App\\Controllers...')
#3 D:\Training\popcorn\system\CodeIgniter.php(789): class_exists('\\App\\Controller...', true)
#4 D:\Training\popcorn\system\CodeIgniter.php(397): CodeIgniter\CodeIgniter->startController()
#5 D:\Training\popcorn\system\CodeIgniter.php(318): CodeIgniter\CodeIgniter->handleRequest(NULL, Object(Config\Cache), false)
#6 D:\Training\popcorn\public\index.php(37): CodeIgniter\CodeIgniter->run()
#7 D:\Training\popcorn\system\Commands\Server\rewrite.php(43): require_once('D:\\Training\\pop...')
#8 {main}
CRITICAL - 2021-11-11 20:29:42 --> syntax error, unexpected identifier "__construct", expecting variable
#0 D:\Training\popcorn\system\Autoloader\Autoloader.php(241): CodeIgniter\Autoloader\Autoloader->includeFile('D:\\Training\\pop...')
#1 D:\Training\popcorn\system\Autoloader\Autoloader.php(219): CodeIgniter\Autoloader\Autoloader->loadInNamespace('App\\Controllers...')
#2 [internal function]: CodeIgniter\Autoloader\Autoloader->loadClass('App\\Controllers...')
#3 D:\Training\popcorn\system\CodeIgniter.php(789): class_exists('\\App\\Controller...', true)
#4 D:\Training\popcorn\system\CodeIgniter.php(397): CodeIgniter\CodeIgniter->startController()
#5 D:\Training\popcorn\system\CodeIgniter.php(318): CodeIgniter\CodeIgniter->handleRequest(NULL, Object(Config\Cache), false)
#6 D:\Training\popcorn\public\index.php(37): CodeIgniter\CodeIgniter->run()
#7 D:\Training\popcorn\system\Commands\Server\rewrite.php(43): require_once('D:\\Training\\pop...')
#8 {main}
CRITICAL - 2021-11-11 20:29:44 --> syntax error, unexpected identifier "__construct", expecting variable
#0 D:\Training\popcorn\system\Autoloader\Autoloader.php(241): CodeIgniter\Autoloader\Autoloader->includeFile('D:\\Training\\pop...')
#1 D:\Training\popcorn\system\Autoloader\Autoloader.php(219): CodeIgniter\Autoloader\Autoloader->loadInNamespace('App\\Controllers...')
#2 [internal function]: CodeIgniter\Autoloader\Autoloader->loadClass('App\\Controllers...')
#3 D:\Training\popcorn\system\CodeIgniter.php(789): class_exists('\\App\\Controller...', true)
#4 D:\Training\popcorn\system\CodeIgniter.php(397): CodeIgniter\CodeIgniter->startController()
#5 D:\Training\popcorn\system\CodeIgniter.php(318): CodeIgniter\CodeIgniter->handleRequest(NULL, Object(Config\Cache), false)
#6 D:\Training\popcorn\public\index.php(37): CodeIgniter\CodeIgniter->run()
#7 D:\Training\popcorn\system\Commands\Server\rewrite.php(43): require_once('D:\\Training\\pop...')
#8 {main}
CRITICAL - 2021-11-11 20:29:48 --> syntax error, unexpected identifier "__construct", expecting variable
#0 D:\Training\popcorn\system\Autoloader\Autoloader.php(241): CodeIgniter\Autoloader\Autoloader->includeFile('D:\\Training\\pop...')
#1 D:\Training\popcorn\system\Autoloader\Autoloader.php(219): CodeIgniter\Autoloader\Autoloader->loadInNamespace('App\\Controllers...')
#2 [internal function]: CodeIgniter\Autoloader\Autoloader->loadClass('App\\Controllers...')
#3 D:\Training\popcorn\system\CodeIgniter.php(789): class_exists('\\App\\Controller...', true)
#4 D:\Training\popcorn\system\CodeIgniter.php(397): CodeIgniter\CodeIgniter->startController()
#5 D:\Training\popcorn\system\CodeIgniter.php(318): CodeIgniter\CodeIgniter->handleRequest(NULL, Object(Config\Cache), false)
#6 D:\Training\popcorn\public\index.php(37): CodeIgniter\CodeIgniter->run()
#7 D:\Training\popcorn\system\Commands\Server\rewrite.php(43): require_once('D:\\Training\\pop...')
#8 {main}
CRITICAL - 2021-11-11 20:30:05 --> syntax error, unexpected token ";", expecting "]"
#0 D:\Training\popcorn\system\Autoloader\Autoloader.php(241): CodeIgniter\Autoloader\Autoloader->includeFile('D:\\Training\\pop...')
#1 D:\Training\popcorn\system\Autoloader\Autoloader.php(219): CodeIgniter\Autoloader\Autoloader->loadInNamespace('App\\Controllers...')
#2 [internal function]: CodeIgniter\Autoloader\Autoloader->loadClass('App\\Controllers...')
#3 D:\Training\popcorn\system\CodeIgniter.php(789): class_exists('\\App\\Controller...', true)
#4 D:\Training\popcorn\system\CodeIgniter.php(397): CodeIgniter\CodeIgniter->startController()
#5 D:\Training\popcorn\system\CodeIgniter.php(318): CodeIgniter\CodeIgniter->handleRequest(NULL, Object(Config\Cache), false)
#6 D:\Training\popcorn\public\index.php(37): CodeIgniter\CodeIgniter->run()
#7 D:\Training\popcorn\system\Commands\Server\rewrite.php(43): require_once('D:\\Training\\pop...')
#8 {main}
CRITICAL - 2021-11-11 20:30:20 --> Class "App\Models\MovieModel" not found
#0 D:\Training\popcorn\system\CodeIgniter.php(801): App\Controllers\Pages->__construct()
#1 D:\Training\popcorn\system\CodeIgniter.php(401): CodeIgniter\CodeIgniter->createController()
#2 D:\Training\popcorn\system\CodeIgniter.php(318): CodeIgniter\CodeIgniter->handleRequest(NULL, Object(Config\Cache), false)
#3 D:\Training\popcorn\public\index.php(37): CodeIgniter\CodeIgniter->run()
#4 D:\Training\popcorn\system\Commands\Server\rewrite.php(43): require_once('D:\\Training\\pop...')
#5 {main}
ERROR - 2021-11-11 20:32:20 --> Table 'popcorn.movie' doesn't exist
CRITICAL - 2021-11-11 20:32:20 --> Table 'popcorn.movie' doesn't exist
#0 D:\Training\popcorn\system\Database\MySQLi\Connection.php(292): mysqli->query('SELECT *\nFROM `...', 0)
#1 D:\Training\popcorn\system\Database\BaseConnection.php(670): CodeIgniter\Database\MySQLi\Connection->execute('SELECT *\nFROM `...')
#2 D:\Training\popcorn\system\Database\BaseConnection.php(598): CodeIgniter\Database\BaseConnection->simpleQuery('SELECT *\nFROM `...')
#3 D:\Training\popcorn\system\Database\BaseBuilder.php(1443): CodeIgniter\Database\BaseConnection->query('SELECT *\nFROM `...', Array, false)
#4 D:\Training\popcorn\system\Model.php(183): CodeIgniter\Database\BaseBuilder->get()
#5 D:\Training\popcorn\system\BaseModel.php(584): CodeIgniter\Model->doFindAll(0, 0)
#6 D:\Training\popcorn\app\Controllers\Pages.php(17): CodeIgniter\BaseModel->findAll()
#7 D:\Training\popcorn\system\CodeIgniter.php(824): App\Controllers\Pages->index()
#8 D:\Training\popcorn\system\CodeIgniter.php(410): CodeIgniter\CodeIgniter->runController(Object(App\Controllers\Pages))
#9 D:\Training\popcorn\system\CodeIgniter.php(318): CodeIgniter\CodeIgniter->handleRequest(NULL, Object(Config\Cache), false)
#10 D:\Training\popcorn\public\index.php(37): CodeIgniter\CodeIgniter->run()
#11 D:\Training\popcorn\system\Commands\Server\rewrite.php(43): require_once('D:\\Training\\pop...')
#12 {main}
CRITICAL - 2021-11-11 22:25:45 --> Trying to access array offset on value of type null
#0 D:\Training\popcorn\app\Views\pages\home.php(48): CodeIgniter\Debug\Exceptions->errorHandler(2, 'Trying to acces...', 'D:\\Training\\pop...', 48)
#1 D:\Training\popcorn\system\View\View.php(214): include('D:\\Training\\pop...')
#2 D:\Training\popcorn\system\View\View.php(217): CodeIgniter\View\View->CodeIgniter\View\{closure}()
#3 D:\Training\popcorn\system\Common.php(1097): CodeIgniter\View\View->render('pages/home', Array, true)
#4 D:\Training\popcorn\app\Controllers\Pages.php(21): view('pages/home', Array)
#5 D:\Training\popcorn\system\CodeIgniter.php(824): App\Controllers\Pages->index()
#6 D:\Training\popcorn\system\CodeIgniter.php(410): CodeIgniter\CodeIgniter->runController(Object(App\Controllers\Pages))
#7 D:\Training\popcorn\system\CodeIgniter.php(318): CodeIgniter\CodeIgniter->handleRequest(NULL, Object(Config\Cache), false)
#8 D:\Training\popcorn\public\index.php(37): CodeIgniter\CodeIgniter->run()
#9 D:\Training\popcorn\system\Commands\Server\rewrite.php(43): require_once('D:\\Training\\pop...')
#10 {main}
